Thubnail Image: /dam/HOMEPAGE/catalog/Product/Buses/bus-1.png - 2024-10-16 07:31:58

Thubnail Image after str replace: /dam/HOMEPAGE/catalog/Product/Buses/bus-1.png - 2024-10-16 07:31:58

Image: /dam/HOMEPAGE/catalog/Product/Buses/bus-1.png - 2024-10-16 07:31:58

Thubnail Image: /dam/HOMEPAGE/catalog/Product/Trucks/Peterbilt.png - 2024-10-16 07:32:02

Thubnail Image after str replace: /dam/HOMEPAGE/catalog/Product/Trucks/Peterbilt.png - 2024-10-16 07:32:02

Image: /dam/HOMEPAGE/catalog/Product/Trucks/Peterbilt.png - 2024-10-16 07:32:02

Thubnail Image: /dam/HOMEPAGE/catalog/Dealer/OutlookUpfitterAsif/Volvo_7900_ElectricBus_40ft.jpg - 2024-10-16 07:32:04

Thubnail Image after str replace: /dam/HOMEPAGE/catalog/Dealer/OutlookUpfitterAsif/Volvo_7900_ElectricBus_40ft.jpg - 2024-10-16 07:32:04

Image: /dam/HOMEPAGE/catalog/Dealer/OutlookUpfitterAsif/Volvo_7900_ElectricBus_40ft.jpg - 2024-10-16 07:32:04

Thubnail Image: https://storage.googleapis.com/ims-inventory-images-prod/0c8228f9-bfa5-4175-a609-3bb4963ba465.png - 2024-10-16 07:32:07

Thubnail Image after str replace: https://storage.googleapis.com/ims-inventory-images-prod/0c8228f9-bfa5-4175-a609-3bb4963ba465.png - 2024-10-16 07:32:07

Image: https://storage.googleapis.com/ims-inventory-images-prod/0c8228f9-bfa5-4175-a609-3bb4963ba465.png - 2024-10-16 07:32:07

Thubnail Image: https://storage.googleapis.com/pni-images/trucks/Ram%20ProMaster%20EV%20(2).png - 2024-10-16 07:32:10

Thubnail Image after str replace: https://storage.googleapis.com/pni-images/trucks/Ram%20ProMaster%20EV%20(2).png - 2024-10-16 07:32:10

Image: https://storage.googleapis.com/pni-images/trucks/Ram%20ProMaster%20EV%20(2).png - 2024-10-16 07:32:10

Thubnail Image: https://storage.googleapis.com/ims-inventory-images-qa/image%20(4).png - 2024-10-16 07:38:47

Thubnail Image after str replace: https://storage.googleapis.com/ims-inventory-images-qa/image%20(4).png - 2024-10-16 07:38:47

Thubnail Image: https://storage.googleapis.com/ims-inventory-images-qa/image%20(4).png - 2024-10-16 07:38:47

Thubnail Image after str replace: https://storage.googleapis.com/ims-inventory-images-qa/image%20(4).png - 2024-10-16 07:38:47

Image URL: https://storage.googleapis.com/ims-inventory-images-qa/image%20(4).png - 2024-10-16 07:38:47

Attachment ID: 1793 - 2024-10-16 07:38:48

Thumbnail URL: http://localhost:82/resource/wp-content/uploads/2024/10/1792-1729064327-image%20(4).png - 2024-10-16 07:38:48

Thubnail Image: /dam/HOMEPAGE/catalog/Product/Buses/bus-1.png - 2024-10-16 07:44:53

Thubnail Image after str replace: /dam/HOMEPAGE/catalog/Product/Buses/bus-1.png - 2024-10-16 07:44:53

Image URL: /dam/HOMEPAGE/catalog/Product/Buses/bus-1.png - 2024-10-16 07:44:53

Thubnail Image: /dam/HOMEPAGE/catalog/Product/Trucks/Peterbilt.png - 2024-10-16 07:44:57

Thubnail Image after str replace: /dam/HOMEPAGE/catalog/Product/Trucks/Peterbilt.png - 2024-10-16 07:44:57

Image URL: /dam/HOMEPAGE/catalog/Product/Trucks/Peterbilt.png - 2024-10-16 07:44:57

Thubnail Image: /dam/HOMEPAGE/catalog/Dealer/OutlookUpfitterAsif/Volvo_7900_ElectricBus_40ft.jpg - 2024-10-16 07:44:59

Thubnail Image after str replace: /dam/HOMEPAGE/catalog/Dealer/OutlookUpfitterAsif/Volvo_7900_ElectricBus_40ft.jpg - 2024-10-16 07:44:59

Image URL: /dam/HOMEPAGE/catalog/Dealer/OutlookUpfitterAsif/Volvo_7900_ElectricBus_40ft.jpg - 2024-10-16 07:44:59

Thubnail Image: https://storage.googleapis.com/ims-inventory-images-prod/0c8228f9-bfa5-4175-a609-3bb4963ba465.png - 2024-10-16 07:45:02

Thubnail Image after str replace: https://storage.googleapis.com/ims-inventory-images-prod/0c8228f9-bfa5-4175-a609-3bb4963ba465.png - 2024-10-16 07:45:02

Image URL: https://storage.googleapis.com/ims-inventory-images-prod/0c8228f9-bfa5-4175-a609-3bb4963ba465.png - 2024-10-16 07:45:02

Attachment ID: 1799 - 2024-10-16 07:45:02

Thumbnail URL: http://localhost:82/resource/wp-content/uploads/2024/10/1798-1729064702-0c8228f9-bfa5-4175-a609-3bb4963ba465.png - 2024-10-16 07:45:02

Thubnail Image: https://storage.googleapis.com/pni-images/trucks/Ram%20ProMaster%20EV%20(2).png - 2024-10-16 07:45:14

Thubnail Image after str replace: https://storage.googleapis.com/pni-images/trucks/Ram%20ProMaster%20EV%20(2).png - 2024-10-16 07:45:14

Image URL: https://storage.googleapis.com/pni-images/trucks/Ram%20ProMaster%20EV%20(2).png - 2024-10-16 07:45:14

Attachment ID: 1801 - 2024-10-16 07:45:15

Thumbnail URL: http://localhost:82/resource/wp-content/uploads/2024/10/1800-1729064714-Ram%20ProMaster%20EV%20(2).png - 2024-10-16 07:45:15

Thubnail Image: https://storage.googleapis.com/ims-inventory-images-qa/image%20(4).png - 2024-10-16 07:58:45

Thubnail Image after str replace: https://storage.googleapis.com/ims-inventory-images-qa/image%20(4).png - 2024-10-16 07:58:45

Thubnail Image: https://storage.googleapis.com/ims-inventory-images-qa/image%20(4).png - 2024-10-16 07:58:45

Thubnail Image after str replace: https://storage.googleapis.com/ims-inventory-images-qa/image%20(4).png - 2024-10-16 07:58:45

Image URL: https://storage.googleapis.com/ims-inventory-images-qa/image%20(4).png - 2024-10-16 07:58:45

Attachment ID: 1803 - 2024-10-16 07:58:46

Thumbnail URL: http://localhost:82/resource/wp-content/uploads/2024/10/1802-1729065525-image%20(4).png - 2024-10-16 07:58:46

Image URL:  - 2024-10-16 07:59:03

Image URL:  - 2024-10-16 07:59:07

